<?xml version="1.0" encoding="UTF-8"?>
<testng-results skipped="0" failed="0" ignored="0" total="3" passed="3">
  <reporter-output>
  </reporter-output>
  <suite name="Default suite" duration-ms="26118" started-at="2020-04-12T14:35:27 EDT" finished-at="2020-04-12T14:35:54 EDT">
    <groups>
    </groups>
    <test name="Default test" duration-ms="26118" started-at="2020-04-12T14:35:27 EDT" finished-at="2020-04-12T14:35:54 EDT">
      <class name="com.salesForceCSS.NthOfType">
        <test-method status="PASS" signature="openApp()[pri:0, instance:com.salesForceCSS.NthOfType@49fc609f]" name="openApp" is-config="true" duration-ms="14229" started-at="2020-04-12T14:35:27 EDT" finished-at="2020-04-12T14:35:42 EDT">
          <reporter-output>
          </reporter-output>
        </test-method> <!-- openApp -->
        <test-method status="PASS" signature="ntnOfTypeNumbering()[pri:1, instance:com.salesForceCSS.NthOfType@49fc609f]" name="ntnOfTypeNumbering" duration-ms="4154" started-at="2020-04-12T14:35:42 EDT" finished-at="2020-04-12T14:35:46 EDT">
          <reporter-output>
          </reporter-output>
        </test-method> <!-- ntnOfTypeNumbering -->
        <test-method status="PASS" signature="ntnOfTypeFirstChild()[pri:2, instance:com.salesForceCSS.NthOfType@49fc609f]" name="ntnOfTypeFirstChild" duration-ms="3380" started-at="2020-04-12T14:35:46 EDT" finished-at="2020-04-12T14:35:49 EDT">
          <reporter-output>
          </reporter-output>
        </test-method> <!-- ntnOfTypeFirstChild -->
        <test-method status="PASS" signature="ntnOfTypeLastChild()[pri:3, instance:com.salesForceCSS.NthOfType@49fc609f]" name="ntnOfTypeLastChild" duration-ms="4306" started-at="2020-04-12T14:35:49 EDT" finished-at="2020-04-12T14:35:54 EDT">
          <reporter-output>
          </reporter-output>
        </test-method> <!-- ntnOfTypeLastChild -->
      </class> <!-- com.salesForceCSS.NthOfType -->
    </test> <!-- Default test -->
  </suite> <!-- Default suite -->
</testng-results>
