<?xml version="1.0" encoding="UTF-8"?>
<!-- Generated by org.testng.reporters.JUnitXMLReporter -->
<testsuite hostname="DESKTOP-INQUNRP" ignored="0" name="Default test" tests="3" failures="0" timestamp="2020-04-12T14:35:54 EDT" time="26.118" errors="0">
  <testcase name="ntnOfTypeNumbering" time="4.154" classname="com.salesForceCSS.NthOfType"/>
  <testcase name="ntnOfTypeFirstChild" time="3.38" classname="com.salesForceCSS.NthOfType"/>
  <testcase name="ntnOfTypeLastChild" time="4.306" classname="com.salesForceCSS.NthOfType"/>
</testsuite> <!-- Default test -->
