<?xml version="1.0" encoding="UTF-8"?>
<!-- Generated by org.testng.reporters.JUnitXMLReporter -->
<testsuite hostname="DESKTOP-INQUNRP" ignored="0" name="Default test" tests="5" failures="0" timestamp="2020-04-21T22:07:29 EDT" time="31.731" errors="0">
  <testcase name="selectAllTest" time="2.251" classname="com.salesForceDropDown.MultiSelect"/>
  <testcase name="deSelectTest" time="3.13" classname="com.salesForceDropDown.MultiSelect"/>
  <testcase name="deSelectAllTest" time="3.152" classname="com.salesForceDropDown.MultiSelect"/>
  <testcase name="SelectedOptionTest" time="3.289" classname="com.salesForceDropDown.MultiSelect"/>
  <testcase name="allOptionTest" time="0.167" classname="com.salesForceDropDown.MultiSelect"/>
</testsuite> <!-- Default test -->
